<?xml version="1.0" encoding="UTF-8"?>
<!-- Generated by org.testng.reporters.JUnitReportReporter -->
<testsuite hostname="DESKTOP-0GIGECF" failures="0" tests="3" name="com.example.demo.Scripts.Test_Ajout" time="31.871" errors="0" timestamp="2022-02-05T01:23:35 WAT" skipped="0">
  <testcase classname="com.example.demo.Scripts.Test_Ajout" name="test_three" time="0.002"/>
  <system-out/>
  <testcase classname="com.example.demo.Scripts.Test_Ajout" name="test" time="31.855"/>
  <system-out/>
  <testcase classname="com.example.demo.Scripts.Test_Ajout" name="test_another" time="0.014"/>
  <system-out/>
</testsuite> <!-- com.example.demo.Scripts.Test_Ajout -->
